cycle 0
$00: 0x00000000
$01: 0x00000000
$02: 0x00000000
$03: 0x00000000
$04: 0x00000000
$05: 0x00000000
$06: 0x00000000
$07: 0x00000000
$08: 0x00000000
$09: 0x00000000
$10: 0x00000000
$11: 0x00000000
$12: 0x00000000
$13: 0x00000000
$14: 0x00000000
$15: 0x00000000
$16: 0x00000000
$17: 0x00000000
$18: 0x00000000
$19: 0x00000000
$20: 0x00000000
$21: 0x00000000
$22: 0x00000000
$23: 0x00000000
$24: 0x00000000
$25: 0x00000000
$26: 0x00000000
$27: 0x00000000
$28: 0x00000000
$29: 0x00000400
$30: 0x00000000
$31: 0x00000000
PC: 0x00000200
IF: 0x8C080000
ID: NOP
EX: NOP
DM: NOP
WB: NOP


cycle 1
$00: 0x00000000
$01: 0x00000000
$02: 0x00000000
$03: 0x00000000
$04: 0x00000000
$05: 0x00000000
$06: 0x00000000
$07: 0x00000000
$08: 0x00000000
$09: 0x00000000
$10: 0x00000000
$11: 0x00000000
$12: 0x00000000
$13: 0x00000000
$14: 0x00000000
$15: 0x00000000
$16: 0x00000000
$17: 0x00000000
$18: 0x00000000
$19: 0x00000000
$20: 0x00000000
$21: 0x00000000
$22: 0x00000000
$23: 0x00000000
$24: 0x00000000
$25: 0x00000000
$26: 0x00000000
$27: 0x00000000
$28: 0x00000000
$29: 0x00000400
$30: 0x00000000
$31: 0x00000000
PC: 0x00000204
IF: 0x00080020
ID: LW
EX: NOP
DM: NOP
WB: NOP


cycle 2
$00: 0x00000000
$01: 0x00000000
$02: 0x00000000
$03: 0x00000000
$04: 0x00000000
$05: 0x00000000
$06: 0x00000000
$07: 0x00000000
$08: 0x00000000
$09: 0x00000000
$10: 0x00000000
$11: 0x00000000
$12: 0x00000000
$13: 0x00000000
$14: 0x00000000
$15: 0x00000000
$16: 0x00000000
$17: 0x00000000
$18: 0x00000000
$19: 0x00000000
$20: 0x00000000
$21: 0x00000000
$22: 0x00000000
$23: 0x00000000
$24: 0x00000000
$25: 0x00000000
$26: 0x00000000
$27: 0x00000000
$28: 0x00000000
$29: 0x00000400
$30: 0x00000000
$31: 0x00000000
PC: 0x00000208
IF: 0x01004822 to_be_stalled
ID: ADD to_be_stalled
EX: LW
DM: NOP
WB: NOP


cycle 3
$00: 0x00000000
$01: 0x00000000
$02: 0x00000000
$03: 0x00000000
$04: 0x00000000
$05: 0x00000000
$06: 0x00000000
$07: 0x00000000
$08: 0x00000000
$09: 0x00000000
$10: 0x00000000
$11: 0x00000000
$12: 0x00000000
$13: 0x00000000
$14: 0x00000000
$15: 0x00000000
$16: 0x00000000
$17: 0x00000000
$18: 0x00000000
$19: 0x00000000
$20: 0x00000000
$21: 0x00000000
$22: 0x00000000
$23: 0x00000000
$24: 0x00000000
$25: 0x00000000
$26: 0x00000000
$27: 0x00000000
$28: 0x00000000
$29: 0x00000400
$30: 0x00000000
$31: 0x00000000
PC: 0x00000208
IF: 0x01004822 to_be_stalled
ID: ADD to_be_stalled
EX: NOP
DM: LW
WB: NOP


cycle 4
$00: 0x00000000
$01: 0x00000000
$02: 0x00000000
$03: 0x00000000
$04: 0x00000000
$05: 0x00000000
$06: 0x00000000
$07: 0x00000000
$08: 0x00000000
$09: 0x00000000
$10: 0x00000000
$11: 0x00000000
$12: 0x00000000
$13: 0x00000000
$14: 0x00000000
$15: 0x00000000
$16: 0x00000000
$17: 0x00000000
$18: 0x00000000
$19: 0x00000000
$20: 0x00000000
$21: 0x00000000
$22: 0x00000000
$23: 0x00000000
$24: 0x00000000
$25: 0x00000000
$26: 0x00000000
$27: 0x00000000
$28: 0x00000000
$29: 0x00000400
$30: 0x00000000
$31: 0x00000000
PC: 0x00000208
IF: 0x01004822
ID: ADD
EX: NOP
DM: NOP
WB: LW


cycle 5
$00: 0x00000000
$01: 0x00000000
$02: 0x00000000
$03: 0x00000000
$04: 0x00000000
$05: 0x00000000
$06: 0x00000000
$07: 0x00000000
$08: 0xFFFF0000
$09: 0x00000000
$10: 0x00000000
$11: 0x00000000
$12: 0x00000000
$13: 0x00000000
$14: 0x00000000
$15: 0x00000000
$16: 0x00000000
$17: 0x00000000
$18: 0x00000000
$19: 0x00000000
$20: 0x00000000
$21: 0x00000000
$22: 0x00000000
$23: 0x00000000
$24: 0x00000000
$25: 0x00000000
$26: 0x00000000
$27: 0x00000000
$28: 0x00000000
$29: 0x00000400
$30: 0x00000000
$31: 0x00000000
PC: 0x0000020C
IF: 0x01285824
ID: SUB
EX: ADD
DM: NOP
WB: NOP


cycle 6
$00: 0x00000000
$01: 0x00000000
$02: 0x00000000
$03: 0x00000000
$04: 0x00000000
$05: 0x00000000
$06: 0x00000000
$07: 0x00000000
$08: 0xFFFF0000
$09: 0x00000000
$10: 0x00000000
$11: 0x00000000
$12: 0x00000000
$13: 0x00000000
$14: 0x00000000
$15: 0x00000000
$16: 0x00000000
$17: 0x00000000
$18: 0x00000000
$19: 0x00000000
$20: 0x00000000
$21: 0x00000000
$22: 0x00000000
$23: 0x00000000
$24: 0x00000000
$25: 0x00000000
$26: 0x00000000
$27: 0x00000000
$28: 0x00000000
$29: 0x00000400
$30: 0x00000000
$31: 0x00000000
PC: 0x00000210
IF: 0x01276025
ID: AND
EX: SUB
DM: ADD
WB: NOP


cycle 7
$00: 0x00000000
$01: 0x00000000
$02: 0x00000000
$03: 0x00000000
$04: 0x00000000
$05: 0x00000000
$06: 0x00000000
$07: 0x00000000
$08: 0xFFFF0000
$09: 0x00000000
$10: 0x00000000
$11: 0x00000000
$12: 0x00000000
$13: 0x00000000
$14: 0x00000000
$15: 0x00000000
$16: 0x00000000
$17: 0x00000000
$18: 0x00000000
$19: 0x00000000
$20: 0x00000000
$21: 0x00000000
$22: 0x00000000
$23: 0x00000000
$24: 0x00000000
$25: 0x00000000
$26: 0x00000000
$27: 0x00000000
$28: 0x00000000
$29: 0x00000400
$30: 0x00000000
$31: 0x00000000
PC: 0x00000214
IF: 0x216C0000 to_be_stalled
ID: OR to_be_stalled
EX: AND fwd_EX-DM_rs_$
DM: SUB
WB: ADD


cycle 8
$00: 0x00000000
$01: 0x00000000
$02: 0x00000000
$03: 0x00000000
$04: 0x00000000
$05: 0x00000000
$06: 0x00000000
$07: 0x00000000
$08: 0xFFFF0000
$09: 0x00000000
$10: 0x00000000
$11: 0x00000000
$12: 0x00000000
$13: 0x00000000
$14: 0x00000000
$15: 0x00000000
$16: 0x00000000
$17: 0x00000000
$18: 0x00000000
$19: 0x00000000
$20: 0x00000000
$21: 0x00000000
$22: 0x00000000
$23: 0x00000000
$24: 0x00000000
$25: 0x00000000
$26: 0x00000000
$27: 0x00000000
$28: 0x00000000
$29: 0x00000400
$30: 0x00000000
$31: 0x00000000
PC: 0x00000214
IF: 0x216C0000
ID: OR
EX: NOP
DM: AND
WB: SUB


cycle 9
$00: 0x00000000
$01: 0x00000000
$02: 0x00000000
$03: 0x00000000
$04: 0x00000000
$05: 0x00000000
$06: 0x00000000
$07: 0x00000000
$08: 0xFFFF0000
$09: 0xFFFF0000
$10: 0x00000000
$11: 0x00000000
$12: 0x00000000
$13: 0x00000000
$14: 0x00000000
$15: 0x00000000
$16: 0x00000000
$17: 0x00000000
$18: 0x00000000
$19: 0x00000000
$20: 0x00000000
$21: 0x00000000
$22: 0x00000000
$23: 0x00000000
$24: 0x00000000
$25: 0x00000000
$26: 0x00000000
$27: 0x00000000
$28: 0x00000000
$29: 0x00000400
$30: 0x00000000
$31: 0x00000000
PC: 0x00000218
IF: 0x216C0000
ID: ADDI
EX: OR
DM: NOP
WB: AND


cycle 10
$00: 0x00000000
$01: 0x00000000
$02: 0x00000000
$03: 0x00000000
$04: 0x00000000
$05: 0x00000000
$06: 0x00000000
$07: 0x00000000
$08: 0xFFFF0000
$09: 0xFFFF0000
$10: 0x00000000
$11: 0xFFFF0000
$12: 0x00000000
$13: 0x00000000
$14: 0x00000000
$15: 0x00000000
$16: 0x00000000
$17: 0x00000000
$18: 0x00000000
$19: 0x00000000
$20: 0x00000000
$21: 0x00000000
$22: 0x00000000
$23: 0x00000000
$24: 0x00000000
$25: 0x00000000
$26: 0x00000000
$27: 0x00000000
$28: 0x00000000
$29: 0x00000400
$30: 0x00000000
$31: 0x00000000
PC: 0x0000021C
IF: 0x00000000
ID: ADDI
EX: ADDI
DM: OR
WB: NOP


cycle 11
$00: 0x00000000
$01: 0x00000000
$02: 0x00000000
$03: 0x00000000
$04: 0x00000000
$05: 0x00000000
$06: 0x00000000
$07: 0x00000000
$08: 0xFFFF0000
$09: 0xFFFF0000
$10: 0x00000000
$11: 0xFFFF0000
$12: 0x00000000
$13: 0x00000000
$14: 0x00000000
$15: 0x00000000
$16: 0x00000000
$17: 0x00000000
$18: 0x00000000
$19: 0x00000000
$20: 0x00000000
$21: 0x00000000
$22: 0x00000000
$23: 0x00000000
$24: 0x00000000
$25: 0x00000000
$26: 0x00000000
$27: 0x00000000
$28: 0x00000000
$29: 0x00000400
$30: 0x00000000
$31: 0x00000000
PC: 0x00000220
IF: 0x00000000
ID: NOP
EX: ADDI
DM: ADDI
WB: OR


cycle 12
$00: 0x00000000
$01: 0x00000000
$02: 0x00000000
$03: 0x00000000
$04: 0x00000000
$05: 0x00000000
$06: 0x00000000
$07: 0x00000000
$08: 0xFFFF0000
$09: 0xFFFF0000
$10: 0x00000000
$11: 0xFFFF0000
$12: 0xFFFF0000
$13: 0x00000000
$14: 0x00000000
$15: 0x00000000
$16: 0x00000000
$17: 0x00000000
$18: 0x00000000
$19: 0x00000000
$20: 0x00000000
$21: 0x00000000
$22: 0x00000000
$23: 0x00000000
$24: 0x00000000
$25: 0x00000000
$26: 0x00000000
$27: 0x00000000
$28: 0x00000000
$29: 0x00000400
$30: 0x00000000
$31: 0x00000000
PC: 0x00000224
IF: 0x118C0000
ID: NOP
EX: NOP
DM: ADDI
WB: ADDI


cycle 13
$00: 0x00000000
$01: 0x00000000
$02: 0x00000000
$03: 0x00000000
$04: 0x00000000
$05: 0x00000000
$06: 0x00000000
$07: 0x00000000
$08: 0xFFFF0000
$09: 0xFFFF0000
$10: 0x00000000
$11: 0xFFFF0000
$12: 0xFFFF0000
$13: 0x00000000
$14: 0x00000000
$15: 0x00000000
$16: 0x00000000
$17: 0x00000000
$18: 0x00000000
$19: 0x00000000
$20: 0x00000000
$21: 0x00000000
$22: 0x00000000
$23: 0x00000000
$24: 0x00000000
$25: 0x00000000
$26: 0x00000000
$27: 0x00000000
$28: 0x00000000
$29: 0x00000400
$30: 0x00000000
$31: 0x00000000
PC: 0x00000228
IF: 0x00087828 to_be_flushed
ID: BEQ
EX: NOP
DM: NOP
WB: ADDI


cycle 14
$00: 0x00000000
$01: 0x00000000
$02: 0x00000000
$03: 0x00000000
$04: 0x00000000
$05: 0x00000000
$06: 0x00000000
$07: 0x00000000
$08: 0xFFFF0000
$09: 0xFFFF0000
$10: 0x00000000
$11: 0xFFFF0000
$12: 0xFFFF0000
$13: 0x00000000
$14: 0x00000000
$15: 0x00000000
$16: 0x00000000
$17: 0x00000000
$18: 0x00000000
$19: 0x00000000
$20: 0x00000000
$21: 0x00000000
$22: 0x00000000
$23: 0x00000000
$24: 0x00000000
$25: 0x00000000
$26: 0x00000000
$27: 0x00000000
$28: 0x00000000
$29: 0x00000400
$30: 0x00000000
$31: 0x00000000
PC: 0x00000228
IF: 0x00087828
ID: NOP
EX: BEQ
DM: NOP
WB: NOP


cycle 15
$00: 0x00000000
$01: 0x00000000
$02: 0x00000000
$03: 0x00000000
$04: 0x00000000
$05: 0x00000000
$06: 0x00000000
$07: 0x00000000
$08: 0xFFFF0000
$09: 0xFFFF0000
$10: 0x00000000
$11: 0xFFFF0000
$12: 0xFFFF0000
$13: 0x00000000
$14: 0x00000000
$15: 0x00000000
$16: 0x00000000
$17: 0x00000000
$18: 0x00000000
$19: 0x00000000
$20: 0x00000000
$21: 0x00000000
$22: 0x00000000
$23: 0x00000000
$24: 0x00000000
$25: 0x00000000
$26: 0x00000000
$27: 0x00000000
$28: 0x00000000
$29: 0x00000400
$30: 0x00000000
$31: 0x00000000
PC: 0x0000022C
IF: 0x00000000
ID: NAND
EX: NOP
DM: BEQ
WB: NOP


cycle 16
$00: 0x00000000
$01: 0x00000000
$02: 0x00000000
$03: 0x00000000
$04: 0x00000000
$05: 0x00000000
$06: 0x00000000
$07: 0x00000000
$08: 0xFFFF0000
$09: 0xFFFF0000
$10: 0x00000000
$11: 0xFFFF0000
$12: 0xFFFF0000
$13: 0x00000000
$14: 0x00000000
$15: 0x00000000
$16: 0x00000000
$17: 0x00000000
$18: 0x00000000
$19: 0x00000000
$20: 0x00000000
$21: 0x00000000
$22: 0x00000000
$23: 0x00000000
$24: 0x00000000
$25: 0x00000000
$26: 0x00000000
$27: 0x00000000
$28: 0x00000000
$29: 0x00000400
$30: 0x00000000
$31: 0x00000000
PC: 0x00000230
IF: 0x0149402A
ID: NOP
EX: NAND
DM: NOP
WB: BEQ


cycle 17
$00: 0x00000000
$01: 0x00000000
$02: 0x00000000
$03: 0x00000000
$04: 0x00000000
$05: 0x00000000
$06: 0x00000000
$07: 0x00000000
$08: 0xFFFF0000
$09: 0xFFFF0000
$10: 0x00000000
$11: 0xFFFF0000
$12: 0xFFFF0000
$13: 0x00000000
$14: 0x00000000
$15: 0x00000000
$16: 0x00000000
$17: 0x00000000
$18: 0x00000000
$19: 0x00000000
$20: 0x00000000
$21: 0x00000000
$22: 0x00000000
$23: 0x00000000
$24: 0x00000000
$25: 0x00000000
$26: 0x00000000
$27: 0x00000000
$28: 0x00000000
$29: 0x00000400
$30: 0x00000000
$31: 0x00000000
PC: 0x00000234
IF: 0x000A5400
ID: SLT
EX: NOP
DM: NAND
WB: NOP


cycle 18
$00: 0x00000000
$01: 0x00000000
$02: 0x00000000
$03: 0x00000000
$04: 0x00000000
$05: 0x00000000
$06: 0x00000000
$07: 0x00000000
$08: 0xFFFF0000
$09: 0xFFFF0000
$10: 0x00000000
$11: 0xFFFF0000
$12: 0xFFFF0000
$13: 0x00000000
$14: 0x00000000
$15: 0x00000000
$16: 0x00000000
$17: 0x00000000
$18: 0x00000000
$19: 0x00000000
$20: 0x00000000
$21: 0x00000000
$22: 0x00000000
$23: 0x00000000
$24: 0x00000000
$25: 0x00000000
$26: 0x00000000
$27: 0x00000000
$28: 0x00000000
$29: 0x00000400
$30: 0x00000000
$31: 0x00000000
PC: 0x00000238
IF: 0x000C6402
ID: SLL
EX: SLT
DM: NOP
WB: NAND


cycle 19
$00: 0x00000000
$01: 0x00000000
$02: 0x00000000
$03: 0x00000000
$04: 0x00000000
$05: 0x00000000
$06: 0x00000000
$07: 0x00000000
$08: 0xFFFF0000
$09: 0xFFFF0000
$10: 0x00000000
$11: 0xFFFF0000
$12: 0xFFFF0000
$13: 0x00000000
$14: 0x00000000
$15: 0xFFFFFFFF
$16: 0x00000000
$17: 0x00000000
$18: 0x00000000
$19: 0x00000000
$20: 0x00000000
$21: 0x00000000
$22: 0x00000000
$23: 0x00000000
$24: 0x00000000
$25: 0x00000000
$26: 0x00000000
$27: 0x00000000
$28: 0x00000000
$29: 0x00000400
$30: 0x00000000
$31: 0x00000000
PC: 0x0000023C
IF: 0x000D6C03
ID: SRL
EX: SLL
DM: SLT
WB: NOP


cycle 20
$00: 0x00000000
$01: 0x00000000
$02: 0x00000000
$03: 0x00000000
$04: 0x00000000
$05: 0x00000000
$06: 0x00000000
$07: 0x00000000
$08: 0xFFFF0000
$09: 0xFFFF0000
$10: 0x00000000
$11: 0xFFFF0000
$12: 0xFFFF0000
$13: 0x00000000
$14: 0x00000000
$15: 0xFFFFFFFF
$16: 0x00000000
$17: 0x00000000
$18: 0x00000000
$19: 0x00000000
$20: 0x00000000
$21: 0x00000000
$22: 0x00000000
$23: 0x00000000
$24: 0x00000000
$25: 0x00000000
$26: 0x00000000
$27: 0x00000000
$28: 0x00000000
$29: 0x00000400
$30: 0x00000000
$31: 0x00000000
PC: 0x00000240
IF: 0x2008FFFF
ID: SRA
EX: SRL
DM: SLL
WB: SLT


cycle 21
$00: 0x00000000
$01: 0x00000000
$02: 0x00000000
$03: 0x00000000
$04: 0x00000000
$05: 0x00000000
$06: 0x00000000
$07: 0x00000000
$08: 0x00000000
$09: 0xFFFF0000
$10: 0x00000000
$11: 0xFFFF0000
$12: 0xFFFF0000
$13: 0x00000000
$14: 0x00000000
$15: 0xFFFFFFFF
$16: 0x00000000
$17: 0x00000000
$18: 0x00000000
$19: 0x00000000
$20: 0x00000000
$21: 0x00000000
$22: 0x00000000
$23: 0x00000000
$24: 0x00000000
$25: 0x00000000
$26: 0x00000000
$27: 0x00000000
$28: 0x00000000
$29: 0x00000400
$30: 0x00000000
$31: 0x00000000
PC: 0x00000244
IF: 0x8C0B0000
ID: ADDI
EX: SRA
DM: SRL
WB: SLL


cycle 22
$00: 0x00000000
$01: 0x00000000
$02: 0x00000000
$03: 0x00000000
$04: 0x00000000
$05: 0x00000000
$06: 0x00000000
$07: 0x00000000
$08: 0x00000000
$09: 0xFFFF0000
$10: 0x00000000
$11: 0xFFFF0000
$12: 0xFFFF0000
$13: 0x00000000
$14: 0x00000000
$15: 0xFFFFFFFF
$16: 0x00000000
$17: 0x00000000
$18: 0x00000000
$19: 0x00000000
$20: 0x00000000
$21: 0x00000000
$22: 0x00000000
$23: 0x00000000
$24: 0x00000000
$25: 0x00000000
$26: 0x00000000
$27: 0x00000000
$28: 0x00000000
$29: 0x00000400
$30: 0x00000000
$31: 0x00000000
PC: 0x00000248
IF: 0x840B0000
ID: LW
EX: ADDI
DM: SRA
WB: SRL


cycle 23
$00: 0x00000000
$01: 0x00000000
$02: 0x00000000
$03: 0x00000000
$04: 0x00000000
$05: 0x00000000
$06: 0x00000000
$07: 0x00000000
$08: 0x00000000
$09: 0xFFFF0000
$10: 0x00000000
$11: 0xFFFF0000
$12: 0x0000FFFF
$13: 0x00000000
$14: 0x00000000
$15: 0xFFFFFFFF
$16: 0x00000000
$17: 0x00000000
$18: 0x00000000
$19: 0x00000000
$20: 0x00000000
$21: 0x00000000
$22: 0x00000000
$23: 0x00000000
$24: 0x00000000
$25: 0x00000000
$26: 0x00000000
$27: 0x00000000
$28: 0x00000000
$29: 0x00000400
$30: 0x00000000
$31: 0x00000000
PC: 0x0000024C
IF: 0x940B0000
ID: LH
EX: LW
DM: ADDI
WB: SRA


cycle 24
$00: 0x00000000
$01: 0x00000000
$02: 0x00000000
$03: 0x00000000
$04: 0x00000000
$05: 0x00000000
$06: 0x00000000
$07: 0x00000000
$08: 0x00000000
$09: 0xFFFF0000
$10: 0x00000000
$11: 0xFFFF0000
$12: 0x0000FFFF
$13: 0x00000000
$14: 0x00000000
$15: 0xFFFFFFFF
$16: 0x00000000
$17: 0x00000000
$18: 0x00000000
$19: 0x00000000
$20: 0x00000000
$21: 0x00000000
$22: 0x00000000
$23: 0x00000000
$24: 0x00000000
$25: 0x00000000
$26: 0x00000000
$27: 0x00000000
$28: 0x00000000
$29: 0x00000400
$30: 0x00000000
$31: 0x00000000
PC: 0x00000250
IF: 0x800B0000
ID: LHU
EX: LH
DM: LW
WB: ADDI


cycle 25
$00: 0x00000000
$01: 0x00000000
$02: 0x00000000
$03: 0x00000000
$04: 0x00000000
$05: 0x00000000
$06: 0x00000000
$07: 0x00000000
$08: 0xFFFFFFFF
$09: 0xFFFF0000
$10: 0x00000000
$11: 0xFFFF0000
$12: 0x0000FFFF
$13: 0x00000000
$14: 0x00000000
$15: 0xFFFFFFFF
$16: 0x00000000
$17: 0x00000000
$18: 0x00000000
$19: 0x00000000
$20: 0x00000000
$21: 0x00000000
$22: 0x00000000
$23: 0x00000000
$24: 0x00000000
$25: 0x00000000
$26: 0x00000000
$27: 0x00000000
$28: 0x00000000
$29: 0x00000400
$30: 0x00000000
$31: 0x00000000
PC: 0x00000254
IF: 0x900B0000
ID: LB
EX: LHU
DM: LH
WB: LW


cycle 26
$00: 0x00000000
$01: 0x00000000
$02: 0x00000000
$03: 0x00000000
$04: 0x00000000
$05: 0x00000000
$06: 0x00000000
$07: 0x00000000
$08: 0xFFFFFFFF
$09: 0xFFFF0000
$10: 0x00000000
$11: 0xFFFF0000
$12: 0x0000FFFF
$13: 0x00000000
$14: 0x00000000
$15: 0xFFFFFFFF
$16: 0x00000000
$17: 0x00000000
$18: 0x00000000
$19: 0x00000000
$20: 0x00000000
$21: 0x00000000
$22: 0x00000000
$23: 0x00000000
$24: 0x00000000
$25: 0x00000000
$26: 0x00000000
$27: 0x00000000
$28: 0x00000000
$29: 0x00000400
$30: 0x00000000
$31: 0x00000000
PC: 0x00000258
IF: 0x3C08FFFA
ID: LBU
EX: LB
DM: LHU
WB: LH


cycle 27
$00: 0x00000000
$01: 0x00000000
$02: 0x00000000
$03: 0x00000000
$04: 0x00000000
$05: 0x00000000
$06: 0x00000000
$07: 0x00000000
$08: 0xFFFFFFFF
$09: 0xFFFF0000
$10: 0x00000000
$11: 0xFFFFFFFF
$12: 0x0000FFFF
$13: 0x00000000
$14: 0x00000000
$15: 0xFFFFFFFF
$16: 0x00000000
$17: 0x00000000
$18: 0x00000000
$19: 0x00000000
$20: 0x00000000
$21: 0x00000000
$22: 0x00000000
$23: 0x00000000
$24: 0x00000000
$25: 0x00000000
$26: 0x00000000
$27: 0x00000000
$28: 0x00000000
$29: 0x00000400
$30: 0x00000000
$31: 0x00000000
PC: 0x0000025C
IF: 0x3008FFFB
ID: LUI
EX: LBU
DM: LB
WB: LHU


cycle 28
$00: 0x00000000
$01: 0x00000000
$02: 0x00000000
$03: 0x00000000
$04: 0x00000000
$05: 0x00000000
$06: 0x00000000
$07: 0x00000000
$08: 0xFFFFFFFF
$09: 0xFFFF0000
$10: 0x00000000
$11: 0x0000FFFF
$12: 0x0000FFFF
$13: 0x00000000
$14: 0x00000000
$15: 0xFFFFFFFF
$16: 0x00000000
$17: 0x00000000
$18: 0x00000000
$19: 0x00000000
$20: 0x00000000
$21: 0x00000000
$22: 0x00000000
$23: 0x00000000
$24: 0x00000000
$25: 0x00000000
$26: 0x00000000
$27: 0x00000000
$28: 0x00000000
$29: 0x00000400
$30: 0x00000000
$31: 0x00000000
PC: 0x00000260
IF: 0x3408FFFC
ID: ANDI
EX: LUI
DM: LBU
WB: LB


cycle 29
$00: 0x00000000
$01: 0x00000000
$02: 0x00000000
$03: 0x00000000
$04: 0x00000000
$05: 0x00000000
$06: 0x00000000
$07: 0x00000000
$08: 0xFFFFFFFF
$09: 0xFFFF0000
$10: 0x00000000
$11: 0xFFFFFFFF
$12: 0x0000FFFF
$13: 0x00000000
$14: 0x00000000
$15: 0xFFFFFFFF
$16: 0x00000000
$17: 0x00000000
$18: 0x00000000
$19: 0x00000000
$20: 0x00000000
$21: 0x00000000
$22: 0x00000000
$23: 0x00000000
$24: 0x00000000
$25: 0x00000000
$26: 0x00000000
$27: 0x00000000
$28: 0x00000000
$29: 0x00000400
$30: 0x00000000
$31: 0x00000000
PC: 0x00000264
IF: 0x3808FFFD
ID: ORI
EX: ANDI
DM: LUI
WB: LBU


cycle 30
$00: 0x00000000
$01: 0x00000000
$02: 0x00000000
$03: 0x00000000
$04: 0x00000000
$05: 0x00000000
$06: 0x00000000
$07: 0x00000000
$08: 0xFFFFFFFF
$09: 0xFFFF0000
$10: 0x00000000
$11: 0x000000FF
$12: 0x0000FFFF
$13: 0x00000000
$14: 0x00000000
$15: 0xFFFFFFFF
$16: 0x00000000
$17: 0x00000000
$18: 0x00000000
$19: 0x00000000
$20: 0x00000000
$21: 0x00000000
$22: 0x00000000
$23: 0x00000000
$24: 0x00000000
$25: 0x00000000
$26: 0x00000000
$27: 0x00000000
$28: 0x00000000
$29: 0x00000400
$30: 0x00000000
$31: 0x00000000
PC: 0x00000268
IF: 0x28C80088
ID: NORI
EX: ORI
DM: ANDI
WB: LUI


cycle 31
$00: 0x00000000
$01: 0x00000000
$02: 0x00000000
$03: 0x00000000
$04: 0x00000000
$05: 0x00000000
$06: 0x00000000
$07: 0x00000000
$08: 0xFFFA0000
$09: 0xFFFF0000
$10: 0x00000000
$11: 0x000000FF
$12: 0x0000FFFF
$13: 0x00000000
$14: 0x00000000
$15: 0xFFFFFFFF
$16: 0x00000000
$17: 0x00000000
$18: 0x00000000
$19: 0x00000000
$20: 0x00000000
$21: 0x00000000
$22: 0x00000000
$23: 0x00000000
$24: 0x00000000
$25: 0x00000000
$26: 0x00000000
$27: 0x00000000
$28: 0x00000000
$29: 0x00000400
$30: 0x00000000
$31: 0x00000000
PC: 0x0000026C
IF: 0x00084400
ID: SLTI
EX: NORI
DM: ORI
WB: ANDI


cycle 32
$00: 0x00000000
$01: 0x00000000
$02: 0x00000000
$03: 0x00000000
$04: 0x00000000
$05: 0x00000000
$06: 0x00000000
$07: 0x00000000
$08: 0x00000000
$09: 0xFFFF0000
$10: 0x00000000
$11: 0x000000FF
$12: 0x0000FFFF
$13: 0x00000000
$14: 0x00000000
$15: 0xFFFFFFFF
$16: 0x00000000
$17: 0x00000000
$18: 0x00000000
$19: 0x00000000
$20: 0x00000000
$21: 0x00000000
$22: 0x00000000
$23: 0x00000000
$24: 0x00000000
$25: 0x00000000
$26: 0x00000000
$27: 0x00000000
$28: 0x00000000
$29: 0x00000400
$30: 0x00000000
$31: 0x00000000
PC: 0x00000270
IF: 0x3508FFFF
ID: SLL
EX: SLTI
DM: NORI
WB: ORI


cycle 33
$00: 0x00000000
$01: 0x00000000
$02: 0x00000000
$03: 0x00000000
$04: 0x00000000
$05: 0x00000000
$06: 0x00000000
$07: 0x00000000
$08: 0x0000FFFC
$09: 0xFFFF0000
$10: 0x00000000
$11: 0x000000FF
$12: 0x0000FFFF
$13: 0x00000000
$14: 0x00000000
$15: 0xFFFFFFFF
$16: 0x00000000
$17: 0x00000000
$18: 0x00000000
$19: 0x00000000
$20: 0x00000000
$21: 0x00000000
$22: 0x00000000
$23: 0x00000000
$24: 0x00000000
$25: 0x00000000
$26: 0x00000000
$27: 0x00000000
$28: 0x00000000
$29: 0x00000400
$30: 0x00000000
$31: 0x00000000
PC: 0x00000274
IF: 0x8C090008
ID: ORI
EX: SLL fwd_EX-DM_rt_$
DM: SLTI
WB: NORI


cycle 34
$00: 0x00000000
$01: 0x00000000
$02: 0x00000000
$03: 0x00000000
$04: 0x00000000
$05: 0x00000000
$06: 0x00000000
$07: 0x00000000
$08: 0xFFFF0002
$09: 0xFFFF0000
$10: 0x00000000
$11: 0x000000FF
$12: 0x0000FFFF
$13: 0x00000000
$14: 0x00000000
$15: 0xFFFFFFFF
$16: 0x00000000
$17: 0x00000000
$18: 0x00000000
$19: 0x00000000
$20: 0x00000000
$21: 0x00000000
$22: 0x00000000
$23: 0x00000000
$24: 0x00000000
$25: 0x00000000
$26: 0x00000000
$27: 0x00000000
$28: 0x00000000
$29: 0x00000400
$30: 0x00000000
$31: 0x00000000
PC: 0x00000278
IF: 0x34081234
ID: LW
EX: ORI fwd_EX-DM_rs_$
DM: SLL
WB: SLTI


cycle 35
$00: 0x00000000
$01: 0x00000000
$02: 0x00000000
$03: 0x00000000
$04: 0x00000000
$05: 0x00000000
$06: 0x00000000
$07: 0x00000000
$08: 0x00000001
$09: 0xFFFF0000
$10: 0x00000000
$11: 0x000000FF
$12: 0x0000FFFF
$13: 0x00000000
$14: 0x00000000
$15: 0xFFFFFFFF
$16: 0x00000000
$17: 0x00000000
$18: 0x00000000
$19: 0x00000000
$20: 0x00000000
$21: 0x00000000
$22: 0x00000000
$23: 0x00000000
$24: 0x00000000
$25: 0x00000000
$26: 0x00000000
$27: 0x00000000
$28: 0x00000000
$29: 0x00000400
$30: 0x00000000
$31: 0x00000000
PC: 0x0000027C
IF: 0xA4080008
ID: ORI
EX: LW
DM: ORI
WB: SLL


cycle 36
$00: 0x00000000
$01: 0x00000000
$02: 0x00000000
$03: 0x00000000
$04: 0x00000000
$05: 0x00000000
$06: 0x00000000
$07: 0x00000000
$08: 0x00010000
$09: 0xFFFF0000
$10: 0x00000000
$11: 0x000000FF
$12: 0x0000FFFF
$13: 0x00000000
$14: 0x00000000
$15: 0xFFFFFFFF
$16: 0x00000000
$17: 0x00000000
$18: 0x00000000
$19: 0x00000000
$20: 0x00000000
$21: 0x00000000
$22: 0x00000000
$23: 0x00000000
$24: 0x00000000
$25: 0x00000000
$26: 0x00000000
$27: 0x00000000
$28: 0x00000000
$29: 0x00000400
$30: 0x00000000
$31: 0x00000000
PC: 0x00000280
IF: 0x8C090008
ID: SH
EX: ORI
DM: LW
WB: ORI


cycle 37
$00: 0x00000000
$01: 0x00000000
$02: 0x00000000
$03: 0x00000000
$04: 0x00000000
$05: 0x00000000
$06: 0x00000000
$07: 0x00000000
$08: 0x0001FFFF
$09: 0xFFFF0000
$10: 0x00000000
$11: 0x000000FF
$12: 0x0000FFFF
$13: 0x00000000
$14: 0x00000000
$15: 0xFFFFFFFF
$16: 0x00000000
$17: 0x00000000
$18: 0x00000000
$19: 0x00000000
$20: 0x00000000
$21: 0x00000000
$22: 0x00000000
$23: 0x00000000
$24: 0x00000000
$25: 0x00000000
$26: 0x00000000
$27: 0x00000000
$28: 0x00000000
$29: 0x00000400
$30: 0x00000000
$31: 0x00000000
PC: 0x00000284
IF: 0x34085678
ID: LW
EX: SH fwd_EX-DM_rt_$
DM: ORI
WB: LW


cycle 38
$00: 0x00000000
$01: 0x00000000
$02: 0x00000000
$03: 0x00000000
$04: 0x00000000
$05: 0x00000000
$06: 0x00000000
$07: 0x00000000
$08: 0x0001FFFF
$09: 0x7FFFFFFF
$10: 0x00000000
$11: 0x000000FF
$12: 0x0000FFFF
$13: 0x00000000
$14: 0x00000000
$15: 0xFFFFFFFF
$16: 0x00000000
$17: 0x00000000
$18: 0x00000000
$19: 0x00000000
$20: 0x00000000
$21: 0x00000000
$22: 0x00000000
$23: 0x00000000
$24: 0x00000000
$25: 0x00000000
$26: 0x00000000
$27: 0x00000000
$28: 0x00000000
$29: 0x00000400
$30: 0x00000000
$31: 0x00000000
PC: 0x00000288
IF: 0xA0020009
ID: ORI
EX: LW
DM: SH
WB: ORI


cycle 39
$00: 0x00000000
$01: 0x00000000
$02: 0x00000000
$03: 0x00000000
$04: 0x00000000
$05: 0x00000000
$06: 0x00000000
$07: 0x00000000
$08: 0x00001234
$09: 0x7FFFFFFF
$10: 0x00000000
$11: 0x000000FF
$12: 0x0000FFFF
$13: 0x00000000
$14: 0x00000000
$15: 0xFFFFFFFF
$16: 0x00000000
$17: 0x00000000
$18: 0x00000000
$19: 0x00000000
$20: 0x00000000
$21: 0x00000000
$22: 0x00000000
$23: 0x00000000
$24: 0x00000000
$25: 0x00000000
$26: 0x00000000
$27: 0x00000000
$28: 0x00000000
$29: 0x00000400
$30: 0x00000000
$31: 0x00000000
PC: 0x0000028C
IF: 0xAC090008
ID: SB
EX: ORI
DM: LW
WB: SH


cycle 40
$00: 0x00000000
$01: 0x00000000
$02: 0x00000000
$03: 0x00000000
$04: 0x00000000
$05: 0x00000000
$06: 0x00000000
$07: 0x00000000
$08: 0x00001234
$09: 0x7FFFFFFF
$10: 0x00000000
$11: 0x000000FF
$12: 0x0000FFFF
$13: 0x00000000
$14: 0x00000000
$15: 0xFFFFFFFF
$16: 0x00000000
$17: 0x00000000
$18: 0x00000000
$19: 0x00000000
$20: 0x00000000
$21: 0x00000000
$22: 0x00000000
$23: 0x00000000
$24: 0x00000000
$25: 0x00000000
$26: 0x00000000
$27: 0x00000000
$28: 0x00000000
$29: 0x00000400
$30: 0x00000000
$31: 0x00000000
PC: 0x00000290
IF: 0x8C090008
ID: SW
EX: SB
DM: ORI
WB: LW


cycle 41
$00: 0x00000000
$01: 0x00000000
$02: 0x00000000
$03: 0x00000000
$04: 0x00000000
$05: 0x00000000
$06: 0x00000000
$07: 0x00000000
$08: 0x00001234
$09: 0x1234FFFF
$10: 0x00000000
$11: 0x000000FF
$12: 0x0000FFFF
$13: 0x00000000
$14: 0x00000000
$15: 0xFFFFFFFF
$16: 0x00000000
$17: 0x00000000
$18: 0x00000000
$19: 0x00000000
$20: 0x00000000
$21: 0x00000000
$22: 0x00000000
$23: 0x00000000
$24: 0x00000000
$25: 0x00000000
$26: 0x00000000
$27: 0x00000000
$28: 0x00000000
$29: 0x00000400
$30: 0x00000000
$31: 0x00000000
PC: 0x00000294
IF: 0xA4090006
ID: LW
EX: SW
DM: SB
WB: ORI


cycle 42
$00: 0x00000000
$01: 0x00000000
$02: 0x00000000
$03: 0x00000000
$04: 0x00000000
$05: 0x00000000
$06: 0x00000000
$07: 0x00000000
$08: 0x00005678
$09: 0x1234FFFF
$10: 0x00000000
$11: 0x000000FF
$12: 0x0000FFFF
$13: 0x00000000
$14: 0x00000000
$15: 0xFFFFFFFF
$16: 0x00000000
$17: 0x00000000
$18: 0x00000000
$19: 0x00000000
$20: 0x00000000
$21: 0x00000000
$22: 0x00000000
$23: 0x00000000
$24: 0x00000000
$25: 0x00000000
$26: 0x00000000
$27: 0x00000000
$28: 0x00000000
$29: 0x00000400
$30: 0x00000000
$31: 0x00000000
PC: 0x00000298
IF: 0x01294820 to_be_stalled
ID: SH to_be_stalled
EX: LW
DM: SW
WB: SB


cycle 43
$00: 0x00000000
$01: 0x00000000
$02: 0x00000000
$03: 0x00000000
$04: 0x00000000
$05: 0x00000000
$06: 0x00000000
$07: 0x00000000
$08: 0x00005678
$09: 0x1234FFFF
$10: 0x00000000
$11: 0x000000FF
$12: 0x0000FFFF
$13: 0x00000000
$14: 0x00000000
$15: 0xFFFFFFFF
$16: 0x00000000
$17: 0x00000000
$18: 0x00000000
$19: 0x00000000
$20: 0x00000000
$21: 0x00000000
$22: 0x00000000
$23: 0x00000000
$24: 0x00000000
$25: 0x00000000
$26: 0x00000000
$27: 0x00000000
$28: 0x00000000
$29: 0x00000400
$30: 0x00000000
$31: 0x00000000
PC: 0x00000298
IF: 0x01294820 to_be_stalled
ID: SH to_be_stalled
EX: NOP
DM: LW
WB: SW


cycle 44
$00: 0x00000000
$01: 0x00000000
$02: 0x00000000
$03: 0x00000000
$04: 0x00000000
$05: 0x00000000
$06: 0x00000000
$07: 0x00000000
$08: 0x00005678
$09: 0x1234FFFF
$10: 0x00000000
$11: 0x000000FF
$12: 0x0000FFFF
$13: 0x00000000
$14: 0x00000000
$15: 0xFFFFFFFF
$16: 0x00000000
$17: 0x00000000
$18: 0x00000000
$19: 0x00000000
$20: 0x00000000
$21: 0x00000000
$22: 0x00000000
$23: 0x00000000
$24: 0x00000000
$25: 0x00000000
$26: 0x00000000
$27: 0x00000000
$28: 0x00000000
$29: 0x00000400
$30: 0x00000000
$31: 0x00000000
PC: 0x00000298
IF: 0x01294820
ID: SH
EX: NOP
DM: NOP
WB: LW


cycle 45
$00: 0x00000000
$01: 0x00000000
$02: 0x00000000
$03: 0x00000000
$04: 0x00000000
$05: 0x00000000
$06: 0x00000000
$07: 0x00000000
$08: 0x00005678
$09: 0x1234FFFF
$10: 0x00000000
$11: 0x000000FF
$12: 0x0000FFFF
$13: 0x00000000
$14: 0x00000000
$15: 0xFFFFFFFF
$16: 0x00000000
$17: 0x00000000
$18: 0x00000000
$19: 0x00000000
$20: 0x00000000
$21: 0x00000000
$22: 0x00000000
$23: 0x00000000
$24: 0x00000000
$25: 0x00000000
$26: 0x00000000
$27: 0x00000000
$28: 0x00000000
$29: 0x00000400
$30: 0x00000000
$31: 0x00000000
PC: 0x0000029C
IF: 0x00000000
ID: ADD
EX: SH
DM: NOP
WB: NOP


cycle 46
$00: 0x00000000
$01: 0x00000000
$02: 0x00000000
$03: 0x00000000
$04: 0x00000000
$05: 0x00000000
$06: 0x00000000
$07: 0x00000000
$08: 0x00005678
$09: 0x1234FFFF
$10: 0x00000000
$11: 0x000000FF
$12: 0x0000FFFF
$13: 0x00000000
$14: 0x00000000
$15: 0xFFFFFFFF
$16: 0x00000000
$17: 0x00000000
$18: 0x00000000
$19: 0x00000000
$20: 0x00000000
$21: 0x00000000
$22: 0x00000000
$23: 0x00000000
$24: 0x00000000
$25: 0x00000000
$26: 0x00000000
$27: 0x00000000
$28: 0x00000000
$29: 0x00000400
$30: 0x00000000
$31: 0x00000000
PC: 0x000002A0
IF: 0x01294820
ID: NOP
EX: ADD
DM: SH
WB: NOP


cycle 47
$00: 0x00000000
$01: 0x00000000
$02: 0x00000000
$03: 0x00000000
$04: 0x00000000
$05: 0x00000000
$06: 0x00000000
$07: 0x00000000
$08: 0x00005678
$09: 0x1234FFFF
$10: 0x00000000
$11: 0x000000FF
$12: 0x0000FFFF
$13: 0x00000000
$14: 0x00000000
$15: 0xFFFFFFFF
$16: 0x00000000
$17: 0x00000000
$18: 0x00000000
$19: 0x00000000
$20: 0x00000000
$21: 0x00000000
$22: 0x00000000
$23: 0x00000000
$24: 0x00000000
$25: 0x00000000
$26: 0x00000000
$27: 0x00000000
$28: 0x00000000
$29: 0x00000400
$30: 0x00000000
$31: 0x00000000
PC: 0x000002A4
IF: 0x00000000 to_be_stalled
ID: ADD to_be_stalled
EX: NOP
DM: ADD
WB: SH


cycle 48
$00: 0x00000000
$01: 0x00000000
$02: 0x00000000
$03: 0x00000000
$04: 0x00000000
$05: 0x00000000
$06: 0x00000000
$07: 0x00000000
$08: 0x00005678
$09: 0x1234FFFF
$10: 0x00000000
$11: 0x000000FF
$12: 0x0000FFFF
$13: 0x00000000
$14: 0x00000000
$15: 0xFFFFFFFF
$16: 0x00000000
$17: 0x00000000
$18: 0x00000000
$19: 0x00000000
$20: 0x00000000
$21: 0x00000000
$22: 0x00000000
$23: 0x00000000
$24: 0x00000000
$25: 0x00000000
$26: 0x00000000
$27: 0x00000000
$28: 0x00000000
$29: 0x00000400
$30: 0x00000000
$31: 0x00000000
PC: 0x000002A4
IF: 0x00000000
ID: ADD
EX: NOP
DM: NOP
WB: ADD


cycle 49
$00: 0x00000000
$01: 0x00000000
$02: 0x00000000
$03: 0x00000000
$04: 0x00000000
$05: 0x00000000
$06: 0x00000000
$07: 0x00000000
$08: 0x00005678
$09: 0x2469FFFE
$10: 0x00000000
$11: 0x000000FF
$12: 0x0000FFFF
$13: 0x00000000
$14: 0x00000000
$15: 0xFFFFFFFF
$16: 0x00000000
$17: 0x00000000
$18: 0x00000000
$19: 0x00000000
$20: 0x00000000
$21: 0x00000000
$22: 0x00000000
$23: 0x00000000
$24: 0x00000000
$25: 0x00000000
$26: 0x00000000
$27: 0x00000000
$28: 0x00000000
$29: 0x00000400
$30: 0x00000000
$31: 0x00000000
PC: 0x000002A8
IF: 0x15290001
ID: NOP
EX: ADD
DM: NOP
WB: NOP


cycle 50
$00: 0x00000000
$01: 0x00000000
$02: 0x00000000
$03: 0x00000000
$04: 0x00000000
$05: 0x00000000
$06: 0x00000000
$07: 0x00000000
$08: 0x00005678
$09: 0x2469FFFE
$10: 0x00000000
$11: 0x000000FF
$12: 0x0000FFFF
$13: 0x00000000
$14: 0x00000000
$15: 0xFFFFFFFF
$16: 0x00000000
$17: 0x00000000
$18: 0x00000000
$19: 0x00000000
$20: 0x00000000
$21: 0x00000000
$22: 0x00000000
$23: 0x00000000
$24: 0x00000000
$25: 0x00000000
$26: 0x00000000
$27: 0x00000000
$28: 0x00000000
$29: 0x00000400
$30: 0x00000000
$31: 0x00000000
PC: 0x000002AC
IF: 0x11290000
ID: BNE fwd_EX-DM_rs_$ fwd_EX-DM_rt_$
EX: NOP
DM: ADD
WB: NOP


cycle 51
$00: 0x00000000
$01: 0x00000000
$02: 0x00000000
$03: 0x00000000
$04: 0x00000000
$05: 0x00000000
$06: 0x00000000
$07: 0x00000000
$08: 0x00005678
$09: 0x2469FFFE
$10: 0x00000000
$11: 0x000000FF
$12: 0x0000FFFF
$13: 0x00000000
$14: 0x00000000
$15: 0xFFFFFFFF
$16: 0x00000000
$17: 0x00000000
$18: 0x00000000
$19: 0x00000000
$20: 0x00000000
$21: 0x00000000
$22: 0x00000000
$23: 0x00000000
$24: 0x00000000
$25: 0x00000000
$26: 0x00000000
$27: 0x00000000
$28: 0x00000000
$29: 0x00000400
$30: 0x00000000
$31: 0x00000000
PC: 0x000002B0
IF: 0x20040003 to_be_flushed
ID: BEQ
EX: BNE
DM: NOP
WB: ADD


cycle 52
$00: 0x00000000
$01: 0x00000000
$02: 0x00000000
$03: 0x00000000
$04: 0x00000000
$05: 0x00000000
$06: 0x00000000
$07: 0x00000000
$08: 0x00005678
$09: 0x48D3FFFC
$10: 0x00000000
$11: 0x000000FF
$12: 0x0000FFFF
$13: 0x00000000
$14: 0x00000000
$15: 0xFFFFFFFF
$16: 0x00000000
$17: 0x00000000
$18: 0x00000000
$19: 0x00000000
$20: 0x00000000
$21: 0x00000000
$22: 0x00000000
$23: 0x00000000
$24: 0x00000000
$25: 0x00000000
$26: 0x00000000
$27: 0x00000000
$28: 0x00000000
$29: 0x00000400
$30: 0x00000000
$31: 0x00000000
PC: 0x000002B0
IF: 0x20040003
ID: NOP
EX: BEQ
DM: BNE
WB: NOP


cycle 53
$00: 0x00000000
$01: 0x00000000
$02: 0x00000000
$03: 0x00000000
$04: 0x00000000
$05: 0x00000000
$06: 0x00000000
$07: 0x00000000
$08: 0x00005678
$09: 0x48D3FFFC
$10: 0x00000000
$11: 0x000000FF
$12: 0x0000FFFF
$13: 0x00000000
$14: 0x00000000
$15: 0xFFFFFFFF
$16: 0x00000000
$17: 0x00000000
$18: 0x00000000
$19: 0x00000000
$20: 0x00000000
$21: 0x00000000
$22: 0x00000000
$23: 0x00000000
$24: 0x00000000
$25: 0x00000000
$26: 0x00000000
$27: 0x00000000
$28: 0x00000000
$29: 0x00000400
$30: 0x00000000
$31: 0x00000000
PC: 0x000002B4
IF: 0x0C0000B9
ID: ADDI
EX: NOP
DM: BEQ
WB: BNE


cycle 54
$00: 0x00000000
$01: 0x00000000
$02: 0x00000000
$03: 0x00000000
$04: 0x00000000
$05: 0x00000000
$06: 0x00000000
$07: 0x00000000
$08: 0x00005678
$09: 0x48D3FFFC
$10: 0x00000000
$11: 0x000000FF
$12: 0x0000FFFF
$13: 0x00000000
$14: 0x00000000
$15: 0xFFFFFFFF
$16: 0x00000000
$17: 0x00000000
$18: 0x00000000
$19: 0x00000000
$20: 0x00000000
$21: 0x00000000
$22: 0x00000000
$23: 0x00000000
$24: 0x00000000
$25: 0x00000000
$26: 0x00000000
$27: 0x00000000
$28: 0x00000000
$29: 0x00000400
$30: 0x00000000
$31: 0x00000000
PC: 0x000002B8
IF: 0xAC090004 to_be_flushed
ID: JAL
EX: ADDI
DM: NOP
WB: BEQ


cycle 55
$00: 0x00000000
$01: 0x00000000
$02: 0x00000000
$03: 0x00000000
$04: 0x00000000
$05: 0x00000000
$06: 0x00000000
$07: 0x00000000
$08: 0x00005678
$09: 0x48D3FFFC
$10: 0x00000000
$11: 0x000000FF
$12: 0x0000FFFF
$13: 0x00000000
$14: 0x00000000
$15: 0xFFFFFFFF
$16: 0x00000000
$17: 0x00000000
$18: 0x00000000
$19: 0x00000000
$20: 0x00000000
$21: 0x00000000
$22: 0x00000000
$23: 0x00000000
$24: 0x00000000
$25: 0x00000000
$26: 0x00000000
$27: 0x00000000
$28: 0x00000000
$29: 0x00000400
$30: 0x00000000
$31: 0x00000000
PC: 0x000002E4
IF: 0x00000020
ID: NOP
EX: JAL
DM: ADDI
WB: NOP


cycle 56
$00: 0x00000000
$01: 0x00000000
$02: 0x00000000
$03: 0x00000000
$04: 0x00000000
$05: 0x00000000
$06: 0x00000000
$07: 0x00000000
$08: 0x00005678
$09: 0x48D3FFFC
$10: 0x00000000
$11: 0x000000FF
$12: 0x0000FFFF
$13: 0x00000000
$14: 0x00000000
$15: 0xFFFFFFFF
$16: 0x00000000
$17: 0x00000000
$18: 0x00000000
$19: 0x00000000
$20: 0x00000000
$21: 0x00000000
$22: 0x00000000
$23: 0x00000000
$24: 0x00000000
$25: 0x00000000
$26: 0x00000000
$27: 0x00000000
$28: 0x00000000
$29: 0x00000400
$30: 0x00000000
$31: 0x00000000
PC: 0x000002E8
IF: 0x23BDFFF8
ID: ADD
EX: NOP
DM: JAL
WB: ADDI


cycle 57
$00: 0x00000000
$01: 0x00000000
$02: 0x00000000
$03: 0x00000000
$04: 0x00000003
$05: 0x00000000
$06: 0x00000000
$07: 0x00000000
$08: 0x00005678
$09: 0x48D3FFFC
$10: 0x00000000
$11: 0x000000FF
$12: 0x0000FFFF
$13: 0x00000000
$14: 0x00000000
$15: 0xFFFFFFFF
$16: 0x00000000
$17: 0x00000000
$18: 0x00000000
$19: 0x00000000
$20: 0x00000000
$21: 0x00000000
$22: 0x00000000
$23: 0x00000000
$24: 0x00000000
$25: 0x00000000
$26: 0x00000000
$27: 0x00000000
$28: 0x00000000
$29: 0x00000400
$30: 0x00000000
$31: 0x00000000
PC: 0x000002EC
IF: 0xAFBF0004
ID: ADDI
EX: ADD
DM: NOP
WB: JAL


cycle 58
$00: 0x00000000
$01: 0x00000000
$02: 0x00000000
$03: 0x00000000
$04: 0x00000003
$05: 0x00000000
$06: 0x00000000
$07: 0x00000000
$08: 0x00005678
$09: 0x48D3FFFC
$10: 0x00000000
$11: 0x000000FF
$12: 0x0000FFFF
$13: 0x00000000
$14: 0x00000000
$15: 0xFFFFFFFF
$16: 0x00000000
$17: 0x00000000
$18: 0x00000000
$19: 0x00000000
$20: 0x00000000
$21: 0x00000000
$22: 0x00000000
$23: 0x00000000
$24: 0x00000000
$25: 0x00000000
$26: 0x00000000
$27: 0x00000000
$28: 0x00000000
$29: 0x00000400
$30: 0x00000000
$31: 0x000002B8
PC: 0x000002F0
IF: 0xAFA40000
ID: SW
EX: ADDI
DM: ADD
WB: NOP


cycle 59
$00: 0x00000000
$01: 0x00000000
$02: 0x00000000
$03: 0x00000000
$04: 0x00000003
$05: 0x00000000
$06: 0x00000000
$07: 0x00000000
$08: 0x00005678
$09: 0x48D3FFFC
$10: 0x00000000
$11: 0x000000FF
$12: 0x0000FFFF
$13: 0x00000000
$14: 0x00000000
$15: 0xFFFFFFFF
$16: 0x00000000
$17: 0x00000000
$18: 0x00000000
$19: 0x00000000
$20: 0x00000000
$21: 0x00000000
$22: 0x00000000
$23: 0x00000000
$24: 0x00000000
$25: 0x00000000
$26: 0x00000000
$27: 0x00000000
$28: 0x00000000
$29: 0x00000400
$30: 0x00000000
$31: 0x000002B8
PC: 0x000002F4
IF: 0x84040006 to_be_stalled
ID: SW to_be_stalled
EX: SW fwd_EX-DM_rs_$
DM: ADDI
WB: ADD


cycle 60
$00: 0x00000000
$01: 0x00000000
$02: 0x00000000
$03: 0x00000000
$04: 0x00000003
$05: 0x00000000
$06: 0x00000000
$07: 0x00000000
$08: 0x00005678
$09: 0x48D3FFFC
$10: 0x00000000
$11: 0x000000FF
$12: 0x0000FFFF
$13: 0x00000000
$14: 0x00000000
$15: 0xFFFFFFFF
$16: 0x00000000
$17: 0x00000000
$18: 0x00000000
$19: 0x00000000
$20: 0x00000000
$21: 0x00000000
$22: 0x00000000
$23: 0x00000000
$24: 0x00000000
$25: 0x00000000
$26: 0x00000000
$27: 0x00000000
$28: 0x00000000
$29: 0x00000400
$30: 0x00000000
$31: 0x000002B8
PC: 0x000002F4
IF: 0x84040006
ID: SW
EX: NOP
DM: SW
WB: ADDI


cycle 61
$00: 0x00000000
$01: 0x00000000
$02: 0x00000000
$03: 0x00000000
$04: 0x00000003
$05: 0x00000000
$06: 0x00000000
$07: 0x00000000
$08: 0x00005678
$09: 0x48D3FFFC
$10: 0x00000000
$11: 0x000000FF
$12: 0x0000FFFF
$13: 0x00000000
$14: 0x00000000
$15: 0xFFFFFFFF
$16: 0x00000000
$17: 0x00000000
$18: 0x00000000
$19: 0x00000000
$20: 0x00000000
$21: 0x00000000
$22: 0x00000000
$23: 0x00000000
$24: 0x00000000
$25: 0x00000000
$26: 0x00000000
$27: 0x00000000
$28: 0x00000000
$29: 0x000003F8
$30: 0x00000000
$31: 0x000002B8
PC: 0x000002F8
IF: 0x28820001
ID: LH
EX: SW
DM: NOP
WB: SW


cycle 62
$00: 0x00000000
$01: 0x00000000
$02: 0x00000000
$03: 0x00000000
$04: 0x00000003
$05: 0x00000000
$06: 0x00000000
$07: 0x00000000
$08: 0x00005678
$09: 0x48D3FFFC
$10: 0x00000000
$11: 0x000000FF
$12: 0x0000FFFF
$13: 0x00000000
$14: 0x00000000
$15: 0xFFFFFFFF
$16: 0x00000000
$17: 0x00000000
$18: 0x00000000
$19: 0x00000000
$20: 0x00000000
$21: 0x00000000
$22: 0x00000000
$23: 0x00000000
$24: 0x00000000
$25: 0x00000000
$26: 0x00000000
$27: 0x00000000
$28: 0x00000000
$29: 0x000003F8
$30: 0x00000000
$31: 0x000002B8
PC: 0x000002FC
IF: 0x1040FFEC to_be_stalled
ID: SLTI to_be_stalled
EX: LH
DM: SW
WB: NOP


cycle 63
$00: 0x00000000
$01: 0x00000000
$02: 0x00000000
$03: 0x00000000
$04: 0x00000003
$05: 0x00000000
$06: 0x00000000
$07: 0x00000000
$08: 0x00005678
$09: 0x48D3FFFC
$10: 0x00000000
$11: 0x000000FF
$12: 0x0000FFFF
$13: 0x00000000
$14: 0x00000000
$15: 0xFFFFFFFF
$16: 0x00000000
$17: 0x00000000
$18: 0x00000000
$19: 0x00000000
$20: 0x00000000
$21: 0x00000000
$22: 0x00000000
$23: 0x00000000
$24: 0x00000000
$25: 0x00000000
$26: 0x00000000
$27: 0x00000000
$28: 0x00000000
$29: 0x000003F8
$30: 0x00000000
$31: 0x000002B8
PC: 0x000002FC
IF: 0x1040FFEC to_be_stalled
ID: SLTI to_be_stalled
EX: NOP
DM: LH
WB: SW


cycle 64
$00: 0x00000000
$01: 0x00000000
$02: 0x00000000
$03: 0x00000000
$04: 0x00000003
$05: 0x00000000
$06: 0x00000000
$07: 0x00000000
$08: 0x00005678
$09: 0x48D3FFFC
$10: 0x00000000
$11: 0x000000FF
$12: 0x0000FFFF
$13: 0x00000000
$14: 0x00000000
$15: 0xFFFFFFFF
$16: 0x00000000
$17: 0x00000000
$18: 0x00000000
$19: 0x00000000
$20: 0x00000000
$21: 0x00000000
$22: 0x00000000
$23: 0x00000000
$24: 0x00000000
$25: 0x00000000
$26: 0x00000000
$27: 0x00000000
$28: 0x00000000
$29: 0x000003F8
$30: 0x00000000
$31: 0x000002B8
PC: 0x000002FC
IF: 0x1040FFEC
ID: SLTI
EX: NOP
DM: NOP
WB: LH


cycle 65
$00: 0x00000000
$01: 0x00000000
$02: 0x00000000
$03: 0x00000000
$04: 0xFFFFFFFF
$05: 0x00000000
$06: 0x00000000
$07: 0x00000000
$08: 0x00005678
$09: 0x48D3FFFC
$10: 0x00000000
$11: 0x000000FF
$12: 0x0000FFFF
$13: 0x00000000
$14: 0x00000000
$15: 0xFFFFFFFF
$16: 0x00000000
$17: 0x00000000
$18: 0x00000000
$19: 0x00000000
$20: 0x00000000
$21: 0x00000000
$22: 0x00000000
$23: 0x00000000
$24: 0x00000000
$25: 0x00000000
$26: 0x00000000
$27: 0x00000000
$28: 0x00000000
$29: 0x000003F8
$30: 0x00000000
$31: 0x000002B8
PC: 0x00000300
IF: 0x8FA40000 to_be_stalled
ID: BEQ to_be_stalled
EX: SLTI
DM: NOP
WB: NOP


cycle 66
$00: 0x00000000
$01: 0x00000000
$02: 0x00000000
$03: 0x00000000
$04: 0xFFFFFFFF
$05: 0x00000000
$06: 0x00000000
$07: 0x00000000
$08: 0x00005678
$09: 0x48D3FFFC
$10: 0x00000000
$11: 0x000000FF
$12: 0x0000FFFF
$13: 0x00000000
$14: 0x00000000
$15: 0xFFFFFFFF
$16: 0x00000000
$17: 0x00000000
$18: 0x00000000
$19: 0x00000000
$20: 0x00000000
$21: 0x00000000
$22: 0x00000000
$23: 0x00000000
$24: 0x00000000
$25: 0x00000000
$26: 0x00000000
$27: 0x00000000
$28: 0x00000000
$29: 0x000003F8
$30: 0x00000000
$31: 0x000002B8
PC: 0x00000300
IF: 0x8FA40000
ID: BEQ fwd_EX-DM_rs_$
EX: NOP
DM: SLTI
WB: NOP


cycle 67
$00: 0x00000000
$01: 0x00000000
$02: 0x00000000
$03: 0x00000000
$04: 0xFFFFFFFF
$05: 0x00000000
$06: 0x00000000
$07: 0x00000000
$08: 0x00005678
$09: 0x48D3FFFC
$10: 0x00000000
$11: 0x000000FF
$12: 0x0000FFFF
$13: 0x00000000
$14: 0x00000000
$15: 0xFFFFFFFF
$16: 0x00000000
$17: 0x00000000
$18: 0x00000000
$19: 0x00000000
$20: 0x00000000
$21: 0x00000000
$22: 0x00000000
$23: 0x00000000
$24: 0x00000000
$25: 0x00000000
$26: 0x00000000
$27: 0x00000000
$28: 0x00000000
$29: 0x000003F8
$30: 0x00000000
$31: 0x000002B8
PC: 0x00000304
IF: 0x8FBF0004
ID: LW
EX: BEQ
DM: NOP
WB: SLTI


cycle 68
$00: 0x00000000
$01: 0x00000000
$02: 0x00000001
$03: 0x00000000
$04: 0xFFFFFFFF
$05: 0x00000000
$06: 0x00000000
$07: 0x00000000
$08: 0x00005678
$09: 0x48D3FFFC
$10: 0x00000000
$11: 0x000000FF
$12: 0x0000FFFF
$13: 0x00000000
$14: 0x00000000
$15: 0xFFFFFFFF
$16: 0x00000000
$17: 0x00000000
$18: 0x00000000
$19: 0x00000000
$20: 0x00000000
$21: 0x00000000
$22: 0x00000000
$23: 0x00000000
$24: 0x00000000
$25: 0x00000000
$26: 0x00000000
$27: 0x00000000
$28: 0x00000000
$29: 0x000003F8
$30: 0x00000000
$31: 0x000002B8
PC: 0x00000308
IF: 0x23BD0008
ID: LW
EX: LW
DM: BEQ
WB: NOP


cycle 69
$00: 0x00000000
$01: 0x00000000
$02: 0x00000001
$03: 0x00000000
$04: 0xFFFFFFFF
$05: 0x00000000
$06: 0x00000000
$07: 0x00000000
$08: 0x00005678
$09: 0x48D3FFFC
$10: 0x00000000
$11: 0x000000FF
$12: 0x0000FFFF
$13: 0x00000000
$14: 0x00000000
$15: 0xFFFFFFFF
$16: 0x00000000
$17: 0x00000000
$18: 0x00000000
$19: 0x00000000
$20: 0x00000000
$21: 0x00000000
$22: 0x00000000
$23: 0x00000000
$24: 0x00000000
$25: 0x00000000
$26: 0x00000000
$27: 0x00000000
$28: 0x00000000
$29: 0x000003F8
$30: 0x00000000
$31: 0x000002B8
PC: 0x0000030C
IF: 0x00000000
ID: ADDI
EX: LW
DM: LW
WB: BEQ


cycle 70
$00: 0x00000000
$01: 0x00000000
$02: 0x00000001
$03: 0x00000000
$04: 0xFFFFFFFF
$05: 0x00000000
$06: 0x00000000
$07: 0x00000000
$08: 0x00005678
$09: 0x48D3FFFC
$10: 0x00000000
$11: 0x000000FF
$12: 0x0000FFFF
$13: 0x00000000
$14: 0x00000000
$15: 0xFFFFFFFF
$16: 0x00000000
$17: 0x00000000
$18: 0x00000000
$19: 0x00000000
$20: 0x00000000
$21: 0x00000000
$22: 0x00000000
$23: 0x00000000
$24: 0x00000000
$25: 0x00000000
$26: 0x00000000
$27: 0x00000000
$28: 0x00000000
$29: 0x000003F8
$30: 0x00000000
$31: 0x000002B8
PC: 0x00000310
IF: 0x1442FFFE
ID: NOP
EX: ADDI
DM: LW
WB: LW


cycle 71
$00: 0x00000000
$01: 0x00000000
$02: 0x00000001
$03: 0x00000000
$04: 0x00000003
$05: 0x00000000
$06: 0x00000000
$07: 0x00000000
$08: 0x00005678
$09: 0x48D3FFFC
$10: 0x00000000
$11: 0x000000FF
$12: 0x0000FFFF
$13: 0x00000000
$14: 0x00000000
$15: 0xFFFFFFFF
$16: 0x00000000
$17: 0x00000000
$18: 0x00000000
$19: 0x00000000
$20: 0x00000000
$21: 0x00000000
$22: 0x00000000
$23: 0x00000000
$24: 0x00000000
$25: 0x00000000
$26: 0x00000000
$27: 0x00000000
$28: 0x00000000
$29: 0x000003F8
$30: 0x00000000
$31: 0x000002B8
PC: 0x00000314
IF: 0x012E4820
ID: BNE
EX: NOP
DM: ADDI
WB: LW


cycle 72
$00: 0x00000000
$01: 0x00000000
$02: 0x00000001
$03: 0x00000000
$04: 0x00000003
$05: 0x00000000
$06: 0x00000000
$07: 0x00000000
$08: 0x00005678
$09: 0x48D3FFFC
$10: 0x00000000
$11: 0x000000FF
$12: 0x0000FFFF
$13: 0x00000000
$14: 0x00000000
$15: 0xFFFFFFFF
$16: 0x00000000
$17: 0x00000000
$18: 0x00000000
$19: 0x00000000
$20: 0x00000000
$21: 0x00000000
$22: 0x00000000
$23: 0x00000000
$24: 0x00000000
$25: 0x00000000
$26: 0x00000000
$27: 0x00000000
$28: 0x00000000
$29: 0x000003F8
$30: 0x00000000
$31: 0x000002B8
PC: 0x00000318
IF: 0x00000000
ID: ADD
EX: BNE
DM: NOP
WB: ADDI


cycle 73
$00: 0x00000000
$01: 0x00000000
$02: 0x00000001
$03: 0x00000000
$04: 0x00000003
$05: 0x00000000
$06: 0x00000000
$07: 0x00000000
$08: 0x00005678
$09: 0x48D3FFFC
$10: 0x00000000
$11: 0x000000FF
$12: 0x0000FFFF
$13: 0x00000000
$14: 0x00000000
$15: 0xFFFFFFFF
$16: 0x00000000
$17: 0x00000000
$18: 0x00000000
$19: 0x00000000
$20: 0x00000000
$21: 0x00000000
$22: 0x00000000
$23: 0x00000000
$24: 0x00000000
$25: 0x00000000
$26: 0x00000000
$27: 0x00000000
$28: 0x00000000
$29: 0x00000400
$30: 0x00000000
$31: 0x000002B8
PC: 0x0000031C
IF: 0x012E4820
ID: NOP
EX: ADD
DM: BNE
WB: NOP


cycle 74
$00: 0x00000000
$01: 0x00000000
$02: 0x00000001
$03: 0x00000000
$04: 0x00000003
$05: 0x00000000
$06: 0x00000000
$07: 0x00000000
$08: 0x00005678
$09: 0x48D3FFFC
$10: 0x00000000
$11: 0x000000FF
$12: 0x0000FFFF
$13: 0x00000000
$14: 0x00000000
$15: 0xFFFFFFFF
$16: 0x00000000
$17: 0x00000000
$18: 0x00000000
$19: 0x00000000
$20: 0x00000000
$21: 0x00000000
$22: 0x00000000
$23: 0x00000000
$24: 0x00000000
$25: 0x00000000
$26: 0x00000000
$27: 0x00000000
$28: 0x00000000
$29: 0x00000400
$30: 0x00000000
$31: 0x000002B8
PC: 0x00000320
IF: 0x1049FFFA to_be_stalled
ID: ADD to_be_stalled
EX: NOP
DM: ADD
WB: BNE


cycle 75
$00: 0x00000000
$01: 0x00000000
$02: 0x00000001
$03: 0x00000000
$04: 0x00000003
$05: 0x00000000
$06: 0x00000000
$07: 0x00000000
$08: 0x00005678
$09: 0x48D3FFFC
$10: 0x00000000
$11: 0x000000FF
$12: 0x0000FFFF
$13: 0x00000000
$14: 0x00000000
$15: 0xFFFFFFFF
$16: 0x00000000
$17: 0x00000000
$18: 0x00000000
$19: 0x00000000
$20: 0x00000000
$21: 0x00000000
$22: 0x00000000
$23: 0x00000000
$24: 0x00000000
$25: 0x00000000
$26: 0x00000000
$27: 0x00000000
$28: 0x00000000
$29: 0x00000400
$30: 0x00000000
$31: 0x000002B8
PC: 0x00000320
IF: 0x1049FFFA
ID: ADD
EX: NOP
DM: NOP
WB: ADD


cycle 76
$00: 0x00000000
$01: 0x00000000
$02: 0x00000001
$03: 0x00000000
$04: 0x00000003
$05: 0x00000000
$06: 0x00000000
$07: 0x00000000
$08: 0x00005678
$09: 0x48D3FFFC
$10: 0x00000000
$11: 0x000000FF
$12: 0x0000FFFF
$13: 0x00000000
$14: 0x00000000
$15: 0xFFFFFFFF
$16: 0x00000000
$17: 0x00000000
$18: 0x00000000
$19: 0x00000000
$20: 0x00000000
$21: 0x00000000
$22: 0x00000000
$23: 0x00000000
$24: 0x00000000
$25: 0x00000000
$26: 0x00000000
$27: 0x00000000
$28: 0x00000000
$29: 0x00000400
$30: 0x00000000
$31: 0x000002B8
PC: 0x00000324
IF: 0x012E0022 to_be_stalled
ID: BEQ to_be_stalled
EX: ADD
DM: NOP
WB: NOP


cycle 77
$00: 0x00000000
$01: 0x00000000
$02: 0x00000001
$03: 0x00000000
$04: 0x00000003
$05: 0x00000000
$06: 0x00000000
$07: 0x00000000
$08: 0x00005678
$09: 0x48D3FFFC
$10: 0x00000000
$11: 0x000000FF
$12: 0x0000FFFF
$13: 0x00000000
$14: 0x00000000
$15: 0xFFFFFFFF
$16: 0x00000000
$17: 0x00000000
$18: 0x00000000
$19: 0x00000000
$20: 0x00000000
$21: 0x00000000
$22: 0x00000000
$23: 0x00000000
$24: 0x00000000
$25: 0x00000000
$26: 0x00000000
$27: 0x00000000
$28: 0x00000000
$29: 0x00000400
$30: 0x00000000
$31: 0x000002B8
PC: 0x00000324
IF: 0x012E0022
ID: BEQ fwd_EX-DM_rt_$
EX: NOP
DM: ADD
WB: NOP


cycle 78
$00: 0x00000000
$01: 0x00000000
$02: 0x00000001
$03: 0x00000000
$04: 0x00000003
$05: 0x00000000
$06: 0x00000000
$07: 0x00000000
$08: 0x00005678
$09: 0x48D3FFFC
$10: 0x00000000
$11: 0x000000FF
$12: 0x0000FFFF
$13: 0x00000000
$14: 0x00000000
$15: 0xFFFFFFFF
$16: 0x00000000
$17: 0x00000000
$18: 0x00000000
$19: 0x00000000
$20: 0x00000000
$21: 0x00000000
$22: 0x00000000
$23: 0x00000000
$24: 0x00000000
$25: 0x00000000
$26: 0x00000000
$27: 0x00000000
$28: 0x00000000
$29: 0x00000400
$30: 0x00000000
$31: 0x000002B8
PC: 0x00000328
IF: 0x00490024
ID: SUB
EX: BEQ
DM: NOP
WB: ADD


cycle 79
$00: 0x00000000
$01: 0x00000000
$02: 0x00000001
$03: 0x00000000
$04: 0x00000003
$05: 0x00000000
$06: 0x00000000
$07: 0x00000000
$08: 0x00005678
$09: 0x48D3FFFC
$10: 0x00000000
$11: 0x000000FF
$12: 0x0000FFFF
$13: 0x00000000
$14: 0x00000000
$15: 0xFFFFFFFF
$16: 0x00000000
$17: 0x00000000
$18: 0x00000000
$19: 0x00000000
$20: 0x00000000
$21: 0x00000000
$22: 0x00000000
$23: 0x00000000
$24: 0x00000000
$25: 0x00000000
$26: 0x00000000
$27: 0x00000000
$28: 0x00000000
$29: 0x00000400
$30: 0x00000000
$31: 0x000002B8
PC: 0x0000032C
IF: 0x012E0025
ID: AND
EX: SUB
DM: BEQ
WB: NOP


cycle 80
$00: 0x00000000
$01: 0x00000000
$02: 0x00000001
$03: 0x00000000
$04: 0x00000003
$05: 0x00000000
$06: 0x00000000
$07: 0x00000000
$08: 0x00005678
$09: 0x48D3FFFC
$10: 0x00000000
$11: 0x000000FF
$12: 0x0000FFFF
$13: 0x00000000
$14: 0x00000000
$15: 0xFFFFFFFF
$16: 0x00000000
$17: 0x00000000
$18: 0x00000000
$19: 0x00000000
$20: 0x00000000
$21: 0x00000000
$22: 0x00000000
$23: 0x00000000
$24: 0x00000000
$25: 0x00000000
$26: 0x00000000
$27: 0x00000000
$28: 0x00000000
$29: 0x00000400
$30: 0x00000000
$31: 0x000002B8
PC: 0x00000330
IF: 0x012E002A
ID: OR
EX: AND
DM: SUB
WB: BEQ


cycle 81
$00: 0x00000000
$01: 0x00000000
$02: 0x00000001
$03: 0x00000000
$04: 0x00000003
$05: 0x00000000
$06: 0x00000000
$07: 0x00000000
$08: 0x00005678
$09: 0x48D3FFFC
$10: 0x00000000
$11: 0x000000FF
$12: 0x0000FFFF
$13: 0x00000000
$14: 0x00000000
$15: 0xFFFFFFFF
$16: 0x00000000
$17: 0x00000000
$18: 0x00000000
$19: 0x00000000
$20: 0x00000000
$21: 0x00000000
$22: 0x00000000
$23: 0x00000000
$24: 0x00000000
$25: 0x00000000
$26: 0x00000000
$27: 0x00000000
$28: 0x00000000
$29: 0x00000400
$30: 0x00000000
$31: 0x000002B8
PC: 0x00000334
IF: 0x00094400
ID: SLT
EX: OR
DM: AND
WB: SUB


cycle 82
$00: 0x00000000
$01: 0x00000000
$02: 0x00000001
$03: 0x00000000
$04: 0x00000003
$05: 0x00000000
$06: 0x00000000
$07: 0x00000000
$08: 0x00005678
$09: 0x48D3FFFC
$10: 0x00000000
$11: 0x000000FF
$12: 0x0000FFFF
$13: 0x00000000
$14: 0x00000000
$15: 0xFFFFFFFF
$16: 0x00000000
$17: 0x00000000
$18: 0x00000000
$19: 0x00000000
$20: 0x00000000
$21: 0x00000000
$22: 0x00000000
$23: 0x00000000
$24: 0x00000000
$25: 0x00000000
$26: 0x00000000
$27: 0x00000000
$28: 0x00000000
$29: 0x00000400
$30: 0x00000000
$31: 0x000002B8
PC: 0x00000338
IF: 0x000E8402
ID: SLL
EX: SLT
DM: OR
WB: AND


cycle 83
$00: 0x00000000
$01: 0x00000000
$02: 0x00000001
$03: 0x00000000
$04: 0x00000003
$05: 0x00000000
$06: 0x00000000
$07: 0x00000000
$08: 0x00005678
$09: 0x48D3FFFC
$10: 0x00000000
$11: 0x000000FF
$12: 0x0000FFFF
$13: 0x00000000
$14: 0x00000000
$15: 0xFFFFFFFF
$16: 0x00000000
$17: 0x00000000
$18: 0x00000000
$19: 0x00000000
$20: 0x00000000
$21: 0x00000000
$22: 0x00000000
$23: 0x00000000
$24: 0x00000000
$25: 0x00000000
$26: 0x00000000
$27: 0x00000000
$28: 0x00000000
$29: 0x00000400
$30: 0x00000000
$31: 0x000002B8
PC: 0x0000033C
IF: 0x00098403
ID: SRL
EX: SLL
DM: SLT
WB: OR


cycle 84
$00: 0x00000000
$01: 0x00000000
$02: 0x00000001
$03: 0x00000000
$04: 0x00000003
$05: 0x00000000
$06: 0x00000000
$07: 0x00000000
$08: 0x00005678
$09: 0x48D3FFFC
$10: 0x00000000
$11: 0x000000FF
$12: 0x0000FFFF
$13: 0x00000000
$14: 0x00000000
$15: 0xFFFFFFFF
$16: 0x00000000
$17: 0x00000000
$18: 0x00000000
$19: 0x00000000
$20: 0x00000000
$21: 0x00000000
$22: 0x00000000
$23: 0x00000000
$24: 0x00000000
$25: 0x00000000
$26: 0x00000000
$27: 0x00000000
$28: 0x00000000
$29: 0x00000400
$30: 0x00000000
$31: 0x000002B8
PC: 0x00000340
IF: 0x841F03FC
ID: SRA
EX: SRL
DM: SLL
WB: SLT


cycle 85
$00: 0x00000000
$01: 0x00000000
$02: 0x00000001
$03: 0x00000000
$04: 0x00000003
$05: 0x00000000
$06: 0x00000000
$07: 0x00000000
$08: 0x00005678
$09: 0x48D3FFFC
$10: 0x00000000
$11: 0x000000FF
$12: 0x0000FFFF
$13: 0x00000000
$14: 0x00000000
$15: 0xFFFFFFFF
$16: 0x00000000
$17: 0x00000000
$18: 0x00000000
$19: 0x00000000
$20: 0x00000000
$21: 0x00000000
$22: 0x00000000
$23: 0x00000000
$24: 0x00000000
$25: 0x00000000
$26: 0x00000000
$27: 0x00000000
$28: 0x00000000
$29: 0x00000400
$30: 0x00000000
$31: 0x000002B8
PC: 0x00000344
IF: 0x80680005
ID: LH
EX: SRA
DM: SRL
WB: SLL


cycle 86
$00: 0x00000000
$01: 0x00000000
$02: 0x00000001
$03: 0x00000000
$04: 0x00000003
$05: 0x00000000
$06: 0x00000000
$07: 0x00000000
$08: 0xFFFC0000
$09: 0x48D3FFFC
$10: 0x00000000
$11: 0x000000FF
$12: 0x0000FFFF
$13: 0x00000000
$14: 0x00000000
$15: 0xFFFFFFFF
$16: 0x00000000
$17: 0x00000000
$18: 0x00000000
$19: 0x00000000
$20: 0x00000000
$21: 0x00000000
$22: 0x00000000
$23: 0x00000000
$24: 0x00000000
$25: 0x00000000
$26: 0x00000000
$27: 0x00000000
$28: 0x00000000
$29: 0x00000400
$30: 0x00000000
$31: 0x000002B8
PC: 0x00000348
IF: 0x90A80006
ID: LB
EX: LH
DM: SRA
WB: SRL


cycle 87
$00: 0x00000000
$01: 0x00000000
$02: 0x00000001
$03: 0x00000000
$04: 0x00000003
$05: 0x00000000
$06: 0x00000000
$07: 0x00000000
$08: 0xFFFC0000
$09: 0x48D3FFFC
$10: 0x00000000
$11: 0x000000FF
$12: 0x0000FFFF
$13: 0x00000000
$14: 0x00000000
$15: 0xFFFFFFFF
$16: 0x00000000
$17: 0x00000000
$18: 0x00000000
$19: 0x00000000
$20: 0x00000000
$21: 0x00000000
$22: 0x00000000
$23: 0x00000000
$24: 0x00000000
$25: 0x00000000
$26: 0x00000000
$27: 0x00000000
$28: 0x00000000
$29: 0x00000400
$30: 0x00000000
$31: 0x000002B8
PC: 0x0000034C
IF: 0x3C1DFFFA
ID: LBU
EX: LB
DM: LH
WB: SRA


cycle 88
$00: 0x00000000
$01: 0x00000000
$02: 0x00000001
$03: 0x00000000
$04: 0x00000003
$05: 0x00000000
$06: 0x00000000
$07: 0x00000000
$08: 0xFFFC0000
$09: 0x48D3FFFC
$10: 0x00000000
$11: 0x000000FF
$12: 0x0000FFFF
$13: 0x00000000
$14: 0x00000000
$15: 0xFFFFFFFF
$16: 0x000048D3
$17: 0x00000000
$18: 0x00000000
$19: 0x00000000
$20: 0x00000000
$21: 0x00000000
$22: 0x00000000
$23: 0x00000000
$24: 0x00000000
$25: 0x00000000
$26: 0x00000000
$27: 0x00000000
$28: 0x00000000
$29: 0x00000400
$30: 0x00000000
$31: 0x000002B8
PC: 0x00000350
IF: 0x30FDFFFB
ID: LUI
EX: LBU
DM: LB
WB: LH


cycle 89
$00: 0x00000000
$01: 0x00000000
$02: 0x00000001
$03: 0x00000000
$04: 0x00000003
$05: 0x00000000
$06: 0x00000000
$07: 0x00000000
$08: 0xFFFC0000
$09: 0x48D3FFFC
$10: 0x00000000
$11: 0x000000FF
$12: 0x0000FFFF
$13: 0x00000000
$14: 0x00000000
$15: 0xFFFFFFFF
$16: 0x000048D3
$17: 0x00000000
$18: 0x00000000
$19: 0x00000000
$20: 0x00000000
$21: 0x00000000
$22: 0x00000000
$23: 0x00000000
$24: 0x00000000
$25: 0x00000000
$26: 0x00000000
$27: 0x00000000
$28: 0x00000000
$29: 0x00000400
$30: 0x00000000
$31: 0x00000000
PC: 0x00000354
IF: 0x34FDFFFC
ID: ANDI
EX: LUI
DM: LBU
WB: LB


cycle 90
$00: 0x00000000
$01: 0x00000000
$02: 0x00000001
$03: 0x00000000
$04: 0x00000003
$05: 0x00000000
$06: 0x00000000
$07: 0x00000000
$08: 0xFFFFFFCD
$09: 0x48D3FFFC
$10: 0x00000000
$11: 0x000000FF
$12: 0x0000FFFF
$13: 0x00000000
$14: 0x00000000
$15: 0xFFFFFFFF
$16: 0x000048D3
$17: 0x00000000
$18: 0x00000000
$19: 0x00000000
$20: 0x00000000
$21: 0x00000000
$22: 0x00000000
$23: 0x00000000
$24: 0x00000000
$25: 0x00000000
$26: 0x00000000
$27: 0x00000000
$28: 0x00000000
$29: 0x00000400
$30: 0x00000000
$31: 0x00000000
PC: 0x00000358
IF: 0x3904FFFE
ID: ORI
EX: ANDI
DM: LUI
WB: LBU


cycle 91
$00: 0x00000000
$01: 0x00000000
$02: 0x00000001
$03: 0x00000000
$04: 0x00000003
$05: 0x00000000
$06: 0x00000000
$07: 0x00000000
$08: 0x000000FF
$09: 0x48D3FFFC
$10: 0x00000000
$11: 0x000000FF
$12: 0x0000FFFF
$13: 0x00000000
$14: 0x00000000
$15: 0xFFFFFFFF
$16: 0x000048D3
$17: 0x00000000
$18: 0x00000000
$19: 0x00000000
$20: 0x00000000
$21: 0x00000000
$22: 0x00000000
$23: 0x00000000
$24: 0x00000000
$25: 0x00000000
$26: 0x00000000
$27: 0x00000000
$28: 0x00000000
$29: 0x00000400
$30: 0x00000000
$31: 0x00000000
PC: 0x0000035C
IF: 0x28880006
ID: NORI
EX: ORI
DM: ANDI
WB: LUI


cycle 92
$00: 0x00000000
$01: 0x00000000
$02: 0x00000001
$03: 0x00000000
$04: 0x00000003
$05: 0x00000000
$06: 0x00000000
$07: 0x00000000
$08: 0x000000FF
$09: 0x48D3FFFC
$10: 0x00000000
$11: 0x000000FF
$12: 0x0000FFFF
$13: 0x00000000
$14: 0x00000000
$15: 0xFFFFFFFF
$16: 0x000048D3
$17: 0x00000000
$18: 0x00000000
$19: 0x00000000
$20: 0x00000000
$21: 0x00000000
$22: 0x00000000
$23: 0x00000000
$24: 0x00000000
$25: 0x00000000
$26: 0x00000000
$27: 0x00000000
$28: 0x00000000
$29: 0xFFFA0000
$30: 0x00000000
$31: 0x00000000
PC: 0x00000360
IF: 0x20020000
ID: SLTI
EX: NORI
DM: ORI
WB: ANDI


cycle 93
$00: 0x00000000
$01: 0x00000000
$02: 0x00000001
$03: 0x00000000
$04: 0x00000003
$05: 0x00000000
$06: 0x00000000
$07: 0x00000000
$08: 0x000000FF
$09: 0x48D3FFFC
$10: 0x00000000
$11: 0x000000FF
$12: 0x0000FFFF
$13: 0x00000000
$14: 0x00000000
$15: 0xFFFFFFFF
$16: 0x000048D3
$17: 0x00000000
$18: 0x00000000
$19: 0x00000000
$20: 0x00000000
$21: 0x00000000
$22: 0x00000000
$23: 0x00000000
$24: 0x00000000
$25: 0x00000000
$26: 0x00000000
$27: 0x00000000
$28: 0x00000000
$29: 0x00000000
$30: 0x00000000
$31: 0x00000000
PC: 0x00000364
IF: 0x10420001
ID: ADDI
EX: SLTI fwd_EX-DM_rs_$
DM: NORI
WB: ORI


cycle 94
$00: 0x00000000
$01: 0x00000000
$02: 0x00000001
$03: 0x00000000
$04: 0x00000003
$05: 0x00000000
$06: 0x00000000
$07: 0x00000000
$08: 0x000000FF
$09: 0x48D3FFFC
$10: 0x00000000
$11: 0x000000FF
$12: 0x0000FFFF
$13: 0x00000000
$14: 0x00000000
$15: 0xFFFFFFFF
$16: 0x000048D3
$17: 0x00000000
$18: 0x00000000
$19: 0x00000000
$20: 0x00000000
$21: 0x00000000
$22: 0x00000000
$23: 0x00000000
$24: 0x00000000
$25: 0x00000000
$26: 0x00000000
$27: 0x00000000
$28: 0x00000000
$29: 0x0000FFFC
$30: 0x00000000
$31: 0x00000000
PC: 0x00000368
IF: 0x14400000 to_be_stalled
ID: BEQ to_be_stalled
EX: ADDI
DM: SLTI
WB: NORI


cycle 95
$00: 0x00000000
$01: 0x00000000
$02: 0x00000001
$03: 0x00000000
$04: 0xFFFF0000
$05: 0x00000000
$06: 0x00000000
$07: 0x00000000
$08: 0x000000FF
$09: 0x48D3FFFC
$10: 0x00000000
$11: 0x000000FF
$12: 0x0000FFFF
$13: 0x00000000
$14: 0x00000000
$15: 0xFFFFFFFF
$16: 0x000048D3
$17: 0x00000000
$18: 0x00000000
$19: 0x00000000
$20: 0x00000000
$21: 0x00000000
$22: 0x00000000
$23: 0x00000000
$24: 0x00000000
$25: 0x00000000
$26: 0x00000000
$27: 0x00000000
$28: 0x00000000
$29: 0x0000FFFC
$30: 0x00000000
$31: 0x00000000
PC: 0x00000368
IF: 0x14400000 to_be_flushed
ID: BEQ fwd_EX-DM_rs_$ fwd_EX-DM_rt_$
EX: NOP
DM: ADDI
WB: SLTI


cycle 96
$00: 0x00000000
$01: 0x00000000
$02: 0x00000001
$03: 0x00000000
$04: 0xFFFF0000
$05: 0x00000000
$06: 0x00000000
$07: 0x00000000
$08: 0x00000001
$09: 0x48D3FFFC
$10: 0x00000000
$11: 0x000000FF
$12: 0x0000FFFF
$13: 0x00000000
$14: 0x00000000
$15: 0xFFFFFFFF
$16: 0x000048D3
$17: 0x00000000
$18: 0x00000000
$19: 0x00000000
$20: 0x00000000
$21: 0x00000000
$22: 0x00000000
$23: 0x00000000
$24: 0x00000000
$25: 0x00000000
$26: 0x00000000
$27: 0x00000000
$28: 0x00000000
$29: 0x0000FFFC
$30: 0x00000000
$31: 0x00000000
PC: 0x0000036C
IF: 0x940803FE
ID: NOP
EX: BEQ
DM: NOP
WB: ADDI


cycle 97
$00: 0x00000000
$01: 0x00000000
$02: 0x00000000
$03: 0x00000000
$04: 0xFFFF0000
$05: 0x00000000
$06: 0x00000000
$07: 0x00000000
$08: 0x00000001
$09: 0x48D3FFFC
$10: 0x00000000
$11: 0x000000FF
$12: 0x0000FFFF
$13: 0x00000000
$14: 0x00000000
$15: 0xFFFFFFFF
$16: 0x000048D3
$17: 0x00000000
$18: 0x00000000
$19: 0x00000000
$20: 0x00000000
$21: 0x00000000
$22: 0x00000000
$23: 0x00000000
$24: 0x00000000
$25: 0x00000000
$26: 0x00000000
$27: 0x00000000
$28: 0x00000000
$29: 0x0000FFFC
$30: 0x00000000
$31: 0x00000000
PC: 0x00000370
IF: 0x00000000
ID: LHU
EX: NOP
DM: BEQ
WB: NOP


cycle 98
$00: 0x00000000
$01: 0x00000000
$02: 0x00000000
$03: 0x00000000
$04: 0xFFFF0000
$05: 0x00000000
$06: 0x00000000
$07: 0x00000000
$08: 0x00000001
$09: 0x48D3FFFC
$10: 0x00000000
$11: 0x000000FF
$12: 0x0000FFFF
$13: 0x00000000
$14: 0x00000000
$15: 0xFFFFFFFF
$16: 0x000048D3
$17: 0x00000000
$18: 0x00000000
$19: 0x00000000
$20: 0x00000000
$21: 0x00000000
$22: 0x00000000
$23: 0x00000000
$24: 0x00000000
$25: 0x00000000
$26: 0x00000000
$27: 0x00000000
$28: 0x00000000
$29: 0x0000FFFC
$30: 0x00000000
$31: 0x00000000
PC: 0x00000374
IF: 0x22080000
ID: NOP
EX: LHU
DM: NOP
WB: BEQ


cycle 99
$00: 0x00000000
$01: 0x00000000
$02: 0x00000000
$03: 0x00000000
$04: 0xFFFF0000
$05: 0x00000000
$06: 0x00000000
$07: 0x00000000
$08: 0x00000001
$09: 0x48D3FFFC
$10: 0x00000000
$11: 0x000000FF
$12: 0x0000FFFF
$13: 0x00000000
$14: 0x00000000
$15: 0xFFFFFFFF
$16: 0x000048D3
$17: 0x00000000
$18: 0x00000000
$19: 0x00000000
$20: 0x00000000
$21: 0x00000000
$22: 0x00000000
$23: 0x00000000
$24: 0x00000000
$25: 0x00000000
$26: 0x00000000
$27: 0x00000000
$28: 0x00000000
$29: 0x0000FFFC
$30: 0x00000000
$31: 0x00000000
PC: 0x00000378
IF: 0x8C1003FC
ID: ADDI
EX: NOP
DM: LHU
WB: NOP


cycle 100
$00: 0x00000000
$01: 0x00000000
$02: 0x00000000
$03: 0x00000000
$04: 0xFFFF0000
$05: 0x00000000
$06: 0x00000000
$07: 0x00000000
$08: 0x00000001
$09: 0x48D3FFFC
$10: 0x00000000
$11: 0x000000FF
$12: 0x0000FFFF
$13: 0x00000000
$14: 0x00000000
$15: 0xFFFFFFFF
$16: 0x000048D3
$17: 0x00000000
$18: 0x00000000
$19: 0x00000000
$20: 0x00000000
$21: 0x00000000
$22: 0x00000000
$23: 0x00000000
$24: 0x00000000
$25: 0x00000000
$26: 0x00000000
$27: 0x00000000
$28: 0x00000000
$29: 0x0000FFFC
$30: 0x00000000
$31: 0x00000000
PC: 0x0000037C
IF: 0x8E1003FD
ID: LW
EX: ADDI
DM: NOP
WB: LHU


cycle 101
$00: 0x00000000
$01: 0x00000000
$02: 0x00000000
$03: 0x00000000
$04: 0xFFFF0000
$05: 0x00000000
$06: 0x00000000
$07: 0x00000000
$08: 0x000002B8
$09: 0x48D3FFFC
$10: 0x00000000
$11: 0x000000FF
$12: 0x0000FFFF
$13: 0x00000000
$14: 0x00000000
$15: 0xFFFFFFFF
$16: 0x000048D3
$17: 0x00000000
$18: 0x00000000
$19: 0x00000000
$20: 0x00000000
$21: 0x00000000
$22: 0x00000000
$23: 0x00000000
$24: 0x00000000
$25: 0x00000000
$26: 0x00000000
$27: 0x00000000
$28: 0x00000000
$29: 0x0000FFFC
$30: 0x00000000
$31: 0x00000000
PC: 0x00000380
IF: 0x00000000 to_be_stalled
ID: LW to_be_stalled
EX: LW
DM: ADDI
WB: NOP


cycle 102
$00: 0x00000000
$01: 0x00000000
$02: 0x00000000
$03: 0x00000000
$04: 0xFFFF0000
$05: 0x00000000
$06: 0x00000000
$07: 0x00000000
$08: 0x000002B8
$09: 0x48D3FFFC
$10: 0x00000000
$11: 0x000000FF
$12: 0x0000FFFF
$13: 0x00000000
$14: 0x00000000
$15: 0xFFFFFFFF
$16: 0x000048D3
$17: 0x00000000
$18: 0x00000000
$19: 0x00000000
$20: 0x00000000
$21: 0x00000000
$22: 0x00000000
$23: 0x00000000
$24: 0x00000000
$25: 0x00000000
$26: 0x00000000
$27: 0x00000000
$28: 0x00000000
$29: 0x0000FFFC
$30: 0x00000000
$31: 0x00000000
PC: 0x00000380
IF: 0x00000000 to_be_stalled
ID: LW to_be_stalled
EX: NOP
DM: LW
WB: ADDI


cycle 103
$00: 0x00000000
$01: 0x00000000
$02: 0x00000000
$03: 0x00000000
$04: 0xFFFF0000
$05: 0x00000000
$06: 0x00000000
$07: 0x00000000
$08: 0x000048D3
$09: 0x48D3FFFC
$10: 0x00000000
$11: 0x000000FF
$12: 0x0000FFFF
$13: 0x00000000
$14: 0x00000000
$15: 0xFFFFFFFF
$16: 0x000048D3
$17: 0x00000000
$18: 0x00000000
$19: 0x00000000
$20: 0x00000000
$21: 0x00000000
$22: 0x00000000
$23: 0x00000000
$24: 0x00000000
$25: 0x00000000
$26: 0x00000000
$27: 0x00000000
$28: 0x00000000
$29: 0x0000FFFC
$30: 0x00000000
$31: 0x00000000
PC: 0x00000380
IF: 0x00000000
ID: LW
EX: NOP
DM: NOP
WB: LW


cycle 104
$00: 0x00000000
$01: 0x00000000
$02: 0x00000000
$03: 0x00000000
$04: 0xFFFF0000
$05: 0x00000000
$06: 0x00000000
$07: 0x00000000
$08: 0x000048D3
$09: 0x48D3FFFC
$10: 0x00000000
$11: 0x000000FF
$12: 0x0000FFFF
$13: 0x00000000
$14: 0x00000000
$15: 0xFFFFFFFF
$16: 0x000002B8
$17: 0x00000000
$18: 0x00000000
$19: 0x00000000
$20: 0x00000000
$21: 0x00000000
$22: 0x00000000
$23: 0x00000000
$24: 0x00000000
$25: 0x00000000
$26: 0x00000000
$27: 0x00000000
$28: 0x00000000
$29: 0x0000FFFC
$30: 0x00000000
$31: 0x00000000
PC: 0x00000384
IF: 0xFFFFFFFF
ID: NOP
EX: LW
DM: NOP
WB: NOP


cycle 105
$00: 0x00000000
$01: 0x00000000
$02: 0x00000000
$03: 0x00000000
$04: 0xFFFF0000
$05: 0x00000000
$06: 0x00000000
$07: 0x00000000
$08: 0x000048D3
$09: 0x48D3FFFC
$10: 0x00000000
$11: 0x000000FF
$12: 0x0000FFFF
$13: 0x00000000
$14: 0x00000000
$15: 0xFFFFFFFF
$16: 0x000002B8
$17: 0x00000000
$18: 0x00000000
$19: 0x00000000
$20: 0x00000000
$21: 0x00000000
$22: 0x00000000
$23: 0x00000000
$24: 0x00000000
$25: 0x00000000
$26: 0x00000000
$27: 0x00000000
$28: 0x00000000
$29: 0x0000FFFC
$30: 0x00000000
$31: 0x00000000
PC: 0x00000388
IF: 0xFFFFFFFF
ID: HALT
EX: NOP
DM: LW
WB: NOP


